mobile/build/outputs/logs/manifest-merger-debug-report.txt
-- Merging decision tree log ---
provider#android.support.v4.content.FileProvider
INJECTED from src\main\AndroidManifest.xml:28:9-36:20
	android:grantUriPermissions
		ADDED from src\main\AndroidManifest.xml:32:13-47
	android:authorities
		INJECTED from src\main\AndroidManifest.xml
		ADDED from src\main\AndroidManifest.xml:30:13-76
	android:exported
		ADDED from src\main\AndroidManifest.xml:31:13-37
	android:name
		ADDED from src\main\AndroidManifest.xml:29:13-67
manifest
ADDED from src\main\AndroidManifest.xml:8:1-56:12
INJECTED from src\main\AndroidManifest.xml:8:1-56:12
INJECTED from src\main\AndroidManifest.xml:8:1-56:12
INJECTED from src\main\AndroidManifest.xml:8:1-56:12
MERGED from [com.android.support:design:28.0.0] AndroidManifest.xml:17:1-24:12
MERGED from [com.google.android.gms:play-services-oss-licenses:16.0.2] AndroidManifest.xml:17:1-29:12
MERGED from [com.android.support:appcompat-v7:28.0.0] AndroidManifest.xml:17:1-22:12
MERGED from [com.android.support.constraint:constraint-layout:1.1.3] AndroidManifest.xml:2:1-11:12
MERGED from [com.google.android.gms:play-services-location:16.0.0] AndroidManifest.xml:2:1-9:12
MERGED from [com.google.android.gms:play-services-places-placereport:16.0.0] AndroidManifest.xml:17:1-24:12
MERGED from [com.google.android.gms:play-services-base:16.1.0] AndroidManifest.xml:17:1-29:12
MERGED from [com.google.android.gms:play-services-tasks:16.0.1] AndroidManifest.xml:2:1-9:12
MERGED from [com.google.android.gms:play-services-basement:16.2.0] AndroidManifest.xml:17:1-28:12
MERGED from [com.android.support:support-v4:28.0.0] AndroidManifest.xml:17:1-22:12
MERGED from [com.android.support:cardview-v7:28.0.0] AndroidManifest.xml:17:1-22:12
MERGED from [com.wang.avi:library:2.1.3] AndroidManifest.xml:2:1-11:12
MERGED from [com.android.support:recyclerview-v7:28.0.0] AndroidManifest.xml:17:1-22:12
MERGED from [com.squareup.picasso:picasso:2.71828] AndroidManifest.xml:2:1-14:12
MERGED from [org.osmdroid:osmdroid-android:6.0.2] AndroidManifest.xml:2:1-29:12
MERGED from [io.github.controlwear:virtualjoystick:1.10.0] AndroidManifest.xml:2:1-11:12
MERGED from [com.amulyakhare:com.amulyakhare.textdrawable:1.0.1] AndroidManifest.xml:2:1-14:12
MERGED from [com.android.support:support-fragment:28.0.0] AndroidManifest.xml:17:1-22:12
MERGED from [com.android.support:animated-vector-drawable:28.0.0] AndroidManifest.xml:17:1-22:12
MERGED from [com.android.support:support-core-ui:28.0.0] AndroidManifest.xml:17:1-22:12
MERGED from [com.android.support:support-core-utils:28.0.0] AndroidManifest.xml:17:1-22:12
MERGED from [com.android.support:support-vector-drawable:28.0.0] AndroidManifest.xml:17:1-22:12
MERGED from [com.android.support:support-media-compat:28.0.0] AndroidManifest.xml:17:1-22:12
MERGED from [com.android.support:transition:28.0.0] AndroidManifest.xml:17:1-22:12
MERGED from [com.android.support:loader:28.0.0] AndroidManifest.xml:17:1-22:12
MERGED from [com.android.support:viewpager:28.0.0] AndroidManifest.xml:17:1-22:12
MERGED from [com.android.support:coordinatorlayout:28.0.0] AndroidManifest.xml:17:1-22:12
MERGED from [com.android.support:drawerlayout:28.0.0] AndroidManifest.xml:17:1-22:12
MERGED from [com.android.support:slidingpanelayout:28.0.0] AndroidManifest.xml:17:1-22:12
MERGED from [com.android.support:customview:28.0.0] AndroidManifest.xml:17:1-22:12
MERGED from [com.android.support:swiperefreshlayout:28.0.0] AndroidManifest.xml:17:1-22:12
MERGED from [com.android.support:asynclayoutinflater:28.0.0] AndroidManifest.xml:17:1-22:12
MERGED from [com.android.support:support-compat:28.0.0] AndroidManifest.xml:17:1-24:12
MERGED from [com.android.support:versionedparcelable:28.0.0] AndroidManifest.xml:17:1-25:12
MERGED from [com.android.support:cursoradapter:28.0.0] AndroidManifest.xml:17:1-22:12
MERGED from [com.android.support:exifinterface:27.1.0] AndroidManifest.xml:17:1-22:12
MERGED from [android.arch.lifecycle:runtime:1.1.1] AndroidManifest.xml:17:1-22:12
MERGED from [com.android.support:documentfile:28.0.0] AndroidManifest.xml:17:1-22:12
MERGED from [com.android.support:localbroadcastmanager:28.0.0] AndroidManifest.xml:17:1-22:12
MERGED from [com.android.support:print:28.0.0] AndroidManifest.xml:17:1-22:12
MERGED from [android.arch.lifecycle:viewmodel:1.1.1] AndroidManifest.xml:17:1-22:12
MERGED from [com.android.support:interpolator:28.0.0] AndroidManifest.xml:17:1-22:12
MERGED from [android.arch.lifecycle:livedata:1.1.1] AndroidManifest.xml:17:1-22:12
MERGED from [android.arch.lifecycle:livedata-core:1.1.1] AndroidManifest.xml:17:1-22:12
MERGED from [android.arch.core:runtime:1.1.1] AndroidManifest.xml:17:1-22:12
INJECTED from src\main\AndroidManifest.xml:8:1-56:12
INJECTED from src\main\AndroidManifest.xml:8:1-56:12
INJECTED from src\main\AndroidManifest.xml:8:1-56:12
	package
		ADDED from src\main\AndroidManifest.xml:9:5-37
		INJECTED from src\main\AndroidManifest.xml
		INJECTED from src\main\AndroidManifest.xml
	android:versionName
		INJECTED from src\main\AndroidManifest.xml
		ADDED from src\main\AndroidManifest.xml:8:1-56:12
		INJECTED from src\main\AndroidManifest.xml
	android:versionCode
		INJECTED from src\main\AndroidManifest.xml
		ADDED from src\main\AndroidManifest.xml:8:1-56:12
		INJECTED from src\main\AndroidManifest.xml
	xmlns:android
		ADDED from src\main\AndroidManifest.xml:8:11-69
uses-permission#android.permission.ACCESS_WIFI_STATE
ADDED from src\main\AndroidManifest.xml:11:5-76
	android:name
		ADDED from src\main\AndroidManifest.xml:11:22-73
uses-permission#android.permission.CAMERA
ADDED from src\main\AndroidManifest.xml:12:5-64
	android:name
		ADDED from src\main\AndroidManifest.xml:12:22-62
uses-permission#android.permission.READ_EXTERNAL_STORAGE
ADDED from src\main\AndroidManifest.xml:13:5-79
	android:name
		ADDED from src\main\AndroidManifest.xml:13:22-77
uses-permission#android.permission.ACCESS_COARSE_LOCATION
ADDED from src\main\AndroidManifest.xml:14:5-80
	android:name
		ADDED from src\main\AndroidManifest.xml:14:22-78
uses-permission#android.permission.ACCESS_FINE_LOCATION
ADDED from src\main\AndroidManifest.xml:15:5-78
	android:name
		ADDED from src\main\AndroidManifest.xml:15:22-76
uses-permission#android.permission.INTERNET
ADDED from src\main\AndroidManifest.xml:16:5-67
	android:name
		ADDED from src\main\AndroidManifest.xml:16:22-64
uses-permission#android.permission.ACCESS_NETWORK_STATE
ADDED from src\main\AndroidManifest.xml:17:5-80
	android:name
		ADDED from src\main\AndroidManifest.xml:17:22-76
uses-permission#android.permission.WRITE_EXTERNAL_STORAGE
ADDED from src\main\AndroidManifest.xml:18:5-81
	android:name
		ADDED from src\main\AndroidManifest.xml:18:22-78
application
ADDED from src\main\AndroidManifest.xml:20:5-54:19
MERGED from [com.android.support:design:28.0.0] AndroidManifest.xml:22:5-20
MERGED from [com.android.support:design:28.0.0] AndroidManifest.xml:22:5-20
MERGED from [com.google.android.gms:play-services-oss-licenses:16.0.2] AndroidManifest.xml:22:5-27:19
MERGED from [com.google.android.gms:play-services-oss-licenses:16.0.2] AndroidManifest.xml:22:5-27:19
MERGED from [com.android.support.constraint:constraint-layout:1.1.3] AndroidManifest.xml:9:5-20
MERGED from [com.android.support.constraint:constraint-layout:1.1.3] AndroidManifest.xml:9:5-20
MERGED from [com.google.android.gms:play-services-location:16.0.0] AndroidManifest.xml:7:5-20
MERGED from [com.google.android.gms:play-services-location:16.0.0] AndroidManifest.xml:7:5-20
MERGED from [com.google.android.gms:play-services-places-placereport:16.0.0] AndroidManifest.xml:22:5-20
MERGED from [com.google.android.gms:play-services-places-placereport:16.0.0] AndroidManifest.xml:22:5-20
MERGED from [com.google.android.gms:play-services-base:16.1.0] AndroidManifest.xml:22:5-27:19
MERGED from [com.google.android.gms:play-services-base:16.1.0] AndroidManifest.xml:22:5-27:19
MERGED from [com.google.android.gms:play-services-tasks:16.0.1] AndroidManifest.xml:7:5-20
MERGED from [com.google.android.gms:play-services-tasks:16.0.1] AndroidManifest.xml:7:5-20
MERGED from [com.google.android.gms:play-services-basement:16.2.0] AndroidManifest.xml:22:5-26:19
MERGED from [com.google.android.gms:play-services-basement:16.2.0] AndroidManifest.xml:22:5-26:19
MERGED from [com.squareup.picasso:picasso:2.71828] AndroidManifest.xml:7:5-12:19
MERGED from [com.squareup.picasso:picasso:2.71828] AndroidManifest.xml:7:5-12:19
MERGED from [com.amulyakhare:com.amulyakhare.textdrawable:1.0.1] AndroidManifest.xml:12:5-20
MERGED from [com.amulyakhare:com.amulyakhare.textdrawable:1.0.1] AndroidManifest.xml:12:5-20
MERGED from [com.android.support:support-compat:28.0.0] AndroidManifest.xml:22:5-94
MERGED from [com.android.support:support-compat:28.0.0] AndroidManifest.xml:22:5-94
MERGED from [com.android.support:versionedparcelable:28.0.0] AndroidManifest.xml:22:5-23:19
MERGED from [com.android.support:versionedparcelable:28.0.0] AndroidManifest.xml:22:5-23:19
	android:appComponentFactory
		ADDED from [com.android.support:support-compat:28.0.0] AndroidManifest.xml:22:18-91
	android:supportsRtl
		ADDED from src\main\AndroidManifest.xml:25:9-35
	android:label
		ADDED from src\main\AndroidManifest.xml:23:9-41
	android:roundIcon
		ADDED from src\main\AndroidManifest.xml:24:9-54
	android:icon
		ADDED from src\main\AndroidManifest.xml:22:9-43
	android:allowBackup
		ADDED from src\main\AndroidManifest.xml:21:9-35
	android:theme
		ADDED from src\main\AndroidManifest.xml:26:9-65
activity#at.opendrone.opendrone.MainActivity
ADDED from src\main\AndroidManifest.xml:37:9-47:20
	android:label
		ADDED from src\main\AndroidManifest.xml:39:13-45
	android:theme
		ADDED from src\main\AndroidManifest.xml:40:13-44
	android:name
		ADDED from src\main\AndroidManifest.xml:38:13-41
intent-filter#action:name:android.intent.action.MAIN+action:name:android.intent.action.VIEW+category:name:android.intent.category.LAUNCHER
ADDED from src\main\AndroidManifest.xml:41:13-46:29
action#android.intent.action.MAIN
ADDED from src\main\AndroidManifest.xml:42:17-69
	android:name
		ADDED from src\main\AndroidManifest.xml:42:25-66
action#android.intent.action.VIEW
ADDED from src\main\AndroidManifest.xml:43:17-69
	android:name
		ADDED from src\main\AndroidManifest.xml:43:25-66
category#android.intent.category.LAUNCHER
ADDED from src\main\AndroidManifest.xml:45:17-77
	android:name
		ADDED from src\main\AndroidManifest.xml:45:27-74
activity#at.opendrone.opendrone.DroneSettingsActivity
ADDED from src\main\AndroidManifest.xml:48:9-59
	android:name
		ADDED from src\main\AndroidManifest.xml:48:19-56
activity#at.opendrone.opendrone.DroneCalibrationActivity
ADDED from src\main\AndroidManifest.xml:49:9-51:67
	android:parentActivityName
		ADDED from src\main\AndroidManifest.xml:51:13-64
	android:name
		ADDED from src\main\AndroidManifest.xml:50:13-53
activity#at.opendrone.opendrone.PinConfigurationActivity
ADDED from src\main\AndroidManifest.xml:52:9-53:66
	android:parentActivityName
		ADDED from src\main\AndroidManifest.xml:53:13-64
	android:name
		ADDED from src\main\AndroidManifest.xml:52:19-59
uses-sdk
INJECTED from src\main\AndroidManifest.xml reason: use-sdk injection requested
INJECTED from src\main\AndroidManifest.xml
INJECTED from src\main\AndroidManifest.xml
MERGED from [com.android.support:design:28.0.0] AndroidManifest.xml:20:5-44
MERGED from [com.android.support:design:28.0.0] AndroidManifest.xml:20:5-44
MERGED from [com.google.android.gms:play-services-oss-licenses:16.0.2] AndroidManifest.xml:20:5-44
MERGED from [com.google.android.gms:play-services-oss-licenses:16.0.2] AndroidManifest.xml:20:5-44
MERGED from [com.android.support:appcompat-v7:28.0.0] AndroidManifest.xml:20:5-44
MERGED from [com.android.support:appcompat-v7:28.0.0] AndroidManifest.xml:20:5-44
MERGED from [com.android.support.constraint:constraint-layout:1.1.3] AndroidManifest.xml:5:5-7:41
MERGED from [com.android.support.constraint:constraint-layout:1.1.3] AndroidManifest.xml:5:5-7:41
MERGED from [com.google.android.gms:play-services-location:16.0.0] AndroidManifest.xml:5:5-44
MERGED from [com.google.android.gms:play-services-location:16.0.0] AndroidManifest.xml:5:5-44
MERGED from [com.google.android.gms:play-services-places-placereport:16.0.0] AndroidManifest.xml:20:5-44
MERGED from [com.google.android.gms:play-services-places-placereport:16.0.0] AndroidManifest.xml:20:5-44
MERGED from [com.google.android.gms:play-services-base:16.1.0] AndroidManifest.xml:20:5-44
MERGED from [com.google.android.gms:play-services-base:16.1.0] AndroidManifest.xml:20:5-44
MERGED from [com.google.android.gms:play-services-tasks:16.0.1] AndroidManifest.xml:5:5-44
MERGED from [com.google.android.gms:play-services-tasks:16.0.1] AndroidManifest.xml:5:5-44
MERGED from [com.google.android.gms:play-services-basement:16.2.0] AndroidManifest.xml:20:5-44
MERGED from [com.google.android.gms:play-services-basement:16.2.0] AndroidManifest.xml:20:5-44
MERGED from [com.android.support:support-v4:28.0.0] AndroidManifest.xml:20:5-44
MERGED from [com.android.support:support-v4:28.0.0] AndroidManifest.xml:20:5-44
MERGED from [com.android.support:cardview-v7:28.0.0] AndroidManifest.xml:20:5-44
MERGED from [com.android.support:cardview-v7:28.0.0] AndroidManifest.xml:20:5-44
MERGED from [com.wang.avi:library:2.1.3] AndroidManifest.xml:7:5-9:41
MERGED from [com.wang.avi:library:2.1.3] AndroidManifest.xml:7:5-9:41
MERGED from [com.android.support:recyclerview-v7:28.0.0] AndroidManifest.xml:20:5-44
MERGED from [com.android.support:recyclerview-v7:28.0.0] AndroidManifest.xml:20:5-44
MERGED from [com.squareup.picasso:picasso:2.71828] AndroidManifest.xml:5:5-44
MERGED from [com.squareup.picasso:picasso:2.71828] AndroidManifest.xml:5:5-44
MERGED from [org.osmdroid:osmdroid-android:6.0.2] AndroidManifest.xml:7:5-9:41
MERGED from [org.osmdroid:osmdroid-android:6.0.2] AndroidManifest.xml:7:5-9:41
MERGED from [io.github.controlwear:virtualjoystick:1.10.0] AndroidManifest.xml:7:5-9:41
MERGED from [io.github.controlwear:virtualjoystick:1.10.0] AndroidManifest.xml:7:5-9:41
MERGED from [com.amulyakhare:com.amulyakhare.textdrawable:1.0.1] AndroidManifest.xml:8:5-10:41
MERGED from [com.amulyakhare:com.amulyakhare.textdrawable:1.0.1] AndroidManifest.xml:8:5-10:41
MERGED from [com.android.support:support-fragment:28.0.0] AndroidManifest.xml:20:5-44
MERGED from [com.android.support:support-fragment:28.0.0] AndroidManifest.xml:20:5-44
MERGED from [com.android.support:animated-vector-drawable:28.0.0] AndroidManifest.xml:20:5-44
MERGED from [com.android.support:animated-vector-drawable:28.0.0] AndroidManifest.xml:20:5-44
MERGED from [com.android.support:support-core-ui:28.0.0] AndroidManifest.xml:20:5-44
MERGED from [com.android.support:support-core-ui:28.0.0] AndroidManifest.xml:20:5-44
MERGED from [com.android.support:support-core-utils:28.0.0] AndroidManifest.xml:20:5-44
MERGED from [com.android.support:support-core-utils:28.0.0] AndroidManifest.xml:20:5-44
MERGED from [com.android.support:support-vector-drawable:28.0.0] AndroidManifest.xml:20:5-44
MERGED from [com.android.support:support-vector-drawable:28.0.0] AndroidManifest.xml:20:5-44
MERGED from [com.android.support:support-media-compat:28.0.0] AndroidManifest.xml:20:5-44
MERGED from [com.android.support:support-media-compat:28.0.0] AndroidManifest.xml:20:5-44
MERGED from [com.android.support:transition:28.0.0] AndroidManifest.xml:20:5-44
MERGED from [com.android.support:transition:28.0.0] AndroidManifest.xml:20:5-44
MERGED from [com.android.support:loader:28.0.0] AndroidManifest.xml:20:5-44
MERGED from [com.android.support:loader:28.0.0] AndroidManifest.xml:20:5-44
MERGED from [com.android.support:viewpager:28.0.0] AndroidManifest.xml:20:5-44
MERGED from [com.android.support:viewpager:28.0.0] AndroidManifest.xml:20:5-44
MERGED from [com.android.support:coordinatorlayout:28.0.0] AndroidManifest.xml:20:5-44
MERGED from [com.android.support:coordinatorlayout:28.0.0] AndroidManifest.xml:20:5-44
MERGED from [com.android.support:drawerlayout:28.0.0] AndroidManifest.xml:20:5-44
MERGED from [com.android.support:drawerlayout:28.0.0] AndroidManifest.xml:20:5-44
MERGED from [com.android.support:slidingpanelayout:28.0.0] AndroidManifest.xml:20:5-44
MERGED from [com.android.support:slidingpanelayout:28.0.0] AndroidManifest.xml:20:5-44
MERGED from [com.android.support:customview:28.0.0] AndroidManifest.xml:20:5-44
MERGED from [com.android.support:customview:28.0.0] AndroidManifest.xml:20:5-44
MERGED from [com.android.support:swiperefreshlayout:28.0.0] AndroidManifest.xml:20:5-44
MERGED from [com.android.support:swiperefreshlayout:28.0.0] AndroidManifest.xml:20:5-44
MERGED from [com.android.support:asynclayoutinflater:28.0.0] AndroidManifest.xml:20:5-44
MERGED from [com.android.support:asynclayoutinflater:28.0.0] AndroidManifest.xml:20:5-44
MERGED from [com.android.support:support-compat:28.0.0] AndroidManifest.xml:20:5-44
MERGED from [com.android.support:support-compat:28.0.0] AndroidManifest.xml:20:5-44
MERGED from [com.android.support:versionedparcelable:28.0.0] AndroidManifest.xml:20:5-44
MERGED from [com.android.support:versionedparcelable:28.0.0] AndroidManifest.xml:20:5-44
MERGED from [com.android.support:cursoradapter:28.0.0] AndroidManifest.xml:20:5-44
MERGED from [com.android.support:cursoradapter:28.0.0] AndroidManifest.xml:20:5-44
MERGED from [com.android.support:exifinterface:27.1.0] AndroidManifest.xml:20:5-44
MERGED from [com.android.support:exifinterface:27.1.0] AndroidManifest.xml:20:5-44
MERGED from [android.arch.lifecycle:runtime:1.1.1] AndroidManifest.xml:20:5-44
MERGED from [android.arch.lifecycle:runtime:1.1.1] AndroidManifest.xml:20:5-44
MERGED from [com.android.support:documentfile:28.0.0] AndroidManifest.xml:20:5-44
MERGED from [com.android.support:documentfile:28.0.0] AndroidManifest.xml:20:5-44
MERGED from [com.android.support:localbroadcastmanager:28.0.0] AndroidManifest.xml:20:5-44
MERGED from [com.android.support:localbroadcastmanager:28.0.0] AndroidManifest.xml:20:5-44
MERGED from [com.android.support:print:28.0.0] AndroidManifest.xml:20:5-44
MERGED from [com.android.support:print:28.0.0] AndroidManifest.xml:20:5-44
MERGED from [android.arch.lifecycle:viewmodel:1.1.1] AndroidManifest.xml:20:5-44
MERGED from [android.arch.lifecycle:viewmodel:1.1.1] AndroidManifest.xml:20:5-44
MERGED from [com.android.support:interpolator:28.0.0] AndroidManifest.xml:20:5-44
MERGED from [com.android.support:interpolator:28.0.0] AndroidManifest.xml:20:5-44
MERGED from [android.arch.lifecycle:livedata:1.1.1] AndroidManifest.xml:20:5-44
MERGED from [android.arch.lifecycle:livedata:1.1.1] AndroidManifest.xml:20:5-44
MERGED from [android.arch.lifecycle:livedata-core:1.1.1] AndroidManifest.xml:20:5-44
MERGED from [android.arch.lifecycle:livedata-core:1.1.1] AndroidManifest.xml:20:5-44
MERGED from [android.arch.core:runtime:1.1.1] AndroidManifest.xml:20:5-44
MERGED from [android.arch.core:runtime:1.1.1] AndroidManifest.xml:20:5-44
INJECTED from src\main\AndroidManifest.xml
INJECTED from src\main\AndroidManifest.xml
	android:targetSdkVersion
		INJECTED from src\main\AndroidManifest.xml
		ADDED from src\main\AndroidManifest.xml
		INJECTED from src\main\AndroidManifest.xml
	android:minSdkVersion
		INJECTED from src\main\AndroidManifest.xml
		ADDED from src\main\AndroidManifest.xml
		INJECTED from src\main\AndroidManifest.xml
meta-data#android.support.FILE_PROVIDER_PATHS
ADDED from src\main\AndroidManifest.xml:33:13-35:57
	android:resource
		ADDED from src\main\AndroidManifest.xml:35:17-55
	android:name
		ADDED from src\main\AndroidManifest.xml:34:17-67
activity#com.google.android.gms.oss.licenses.OssLicensesMenuActivity
ADDED from [com.google.android.gms:play-services-oss-licenses:16.0.2] AndroidManifest.xml:23:9-25:57
	android:label
		ADDED from [com.google.android.gms:play-services-oss-licenses:16.0.2] AndroidManifest.xml:25:13-54
	android:name
		ADDED from [com.google.android.gms:play-services-oss-licenses:16.0.2] AndroidManifest.xml:24:13-87
activity#com.google.android.gms.oss.licenses.OssLicensesActivity
ADDED from [com.google.android.gms:play-services-oss-licenses:16.0.2] AndroidManifest.xml:26:9-92
	android:name
		ADDED from [com.google.android.gms:play-services-oss-licenses:16.0.2] AndroidManifest.xml:26:19-89
activity#com.google.android.gms.common.api.GoogleApiActivity
ADDED from [com.google.android.gms:play-services-base:16.1.0] AndroidManifest.xml:23:9-26:75
	android:exported
		ADDED from [com.google.android.gms:play-services-base:16.1.0] AndroidManifest.xml:25:13-37
	android:theme
		ADDED from [com.google.android.gms:play-services-base:16.1.0] AndroidManifest.xml:26:13-72
	android:name
		ADDED from [com.google.android.gms:play-services-base:16.1.0] AndroidManifest.xml:24:13-79
meta-data#com.google.android.gms.version
ADDED from [com.google.android.gms:play-services-basement:16.2.0] AndroidManifest.xml:23:9-25:69
	android:value
		ADDED from [com.google.android.gms:play-services-basement:16.2.0] AndroidManifest.xml:25:13-66
	android:name
		ADDED from [com.google.android.gms:play-services-basement:16.2.0] AndroidManifest.xml:24:13-58
provider#com.squareup.picasso.PicassoProvider
ADDED from [com.squareup.picasso:picasso:2.71828] AndroidManifest.xml:8:9-11:40
	android:authorities
		ADDED from [com.squareup.picasso:picasso:2.71828] AndroidManifest.xml:10:13-72
	android:exported
		ADDED from [com.squareup.picasso:picasso:2.71828] AndroidManifest.xml:11:13-37
	android:name
		ADDED from [com.squareup.picasso:picasso:2.71828] AndroidManifest.xml:9:13-64
supports-screens
ADDED from [org.osmdroid:osmdroid-android:6.0.2] AndroidManifest.xml:11:5-14:40
	android:largeScreens
		ADDED from [org.osmdroid:osmdroid-android:6.0.2] AndroidManifest.xml:13:9-36
	android:normalScreens
		ADDED from [org.osmdroid:osmdroid-android:6.0.2] AndroidManifest.xml:14:9-37
	android:anyDensity
		ADDED from [org.osmdroid:osmdroid-android:6.0.2] AndroidManifest.xml:12:9-34
uses-feature#android.hardware.location.network
ADDED from [org.osmdroid:osmdroid-android:6.0.2] AndroidManifest.xml:16:5-18:36
	android:required
		ADDED from [org.osmdroid:osmdroid-android:6.0.2] AndroidManifest.xml:18:9-33
	android:name
		ADDED from [org.osmdroid:osmdroid-android:6.0.2] AndroidManifest.xml:17:9-57
uses-feature#android.hardware.location.gps
ADDED from [org.osmdroid:osmdroid-android:6.0.2] AndroidManifest.xml:19:5-21:36
	android:required
		ADDED from [org.osmdroid:osmdroid-android:6.0.2] AndroidManifest.xml:21:9-33
	android:name
		ADDED from [org.osmdroid:osmdroid-android:6.0.2] AndroidManifest.xml:20:9-53
uses-feature#android.hardware.telephony
ADDED from [org.osmdroid:osmdroid-android:6.0.2] AndroidManifest.xml:22:5-24:36
	android:required
		ADDED from [org.osmdroid:osmdroid-android:6.0.2] AndroidManifest.xml:24:9-33
	android:name
		ADDED from [org.osmdroid:osmdroid-android:6.0.2] AndroidManifest.xml:23:9-50
uses-feature#android.hardware.wifi
ADDED from [org.osmdroid:osmdroid-android:6.0.2] AndroidManifest.xml:25:5-27:36
	android:required
		ADDED from [org.osmdroid:osmdroid-android:6.0.2] AndroidManifest.xml:27:9-33
	android:name
		ADDED from [org.osmdroid:osmdroid-android:6.0.2] AndroidManifest.xml:26:9-45